<?xml version="1.0" encoding="UTF-8"?>
<!-- Generated by org.testng.reporters.JUnitReportReporter -->
<testsuite hostname="MAVCHN0522057" failures="0" tests="1" name="program.OpenWithoutGet" time="6.077" errors="0" timestamp="2022-12-15T14:30:56 IST" skipped="0">
  <testcase classname="program.OpenWithoutGet" name="open" time="6.077"/>
  <system-out/>
</testsuite> <!-- program.OpenWithoutGet -->
