<?xml version="1.0" encoding="UTF-8"?>
<!-- Generated by org.testng.reporters.JUnitReportReporter -->
<testsuite hostname="MAVCHN0522057" failures="0" tests="1" name="program.Checkbox" time="8.147" errors="0" timestamp="2022-12-13T20:13:41 IST" skipped="0">
  <testcase classname="program.Checkbox" name="check" time="8.147"/>
  <system-out/>
</testsuite> <!-- program.Checkbox -->
