<?xml version="1.0" encoding="UTF-8"?>
<!-- Generated by org.testng.reporters.JUnitReportReporter -->
<testsuite hostname="MAVCHN0522057" failures="0" tests="1" name="program.Browser" time="5.100" errors="0" timestamp="2022-12-08T19:26:13 IST" skipped="0">
  <testcase classname="program.Browser" name="open" time="5.100"/>
  <system-out/>
</testsuite> <!-- program.Browser -->
