<?xml version="1.0" encoding="UTF-8"?>
<!-- Generated by org.testng.reporters.JUnitReportReporter -->
<testsuite hostname="MAVCHN0522057" failures="0" tests="1" name="reusable.JQuerySelect" time="8.176" errors="0" timestamp="2022-12-21T22:05:09 IST" skipped="0">
  <testcase classname="reusable.JQuerySelect" name="reusable" time="8.176"/>
  <system-out/>
</testsuite> <!-- reusable.JQuerySelect -->
