<?xml version="1.0" encoding="UTF-8"?>
<!-- Generated by org.testng.reporters.JUnitReportReporter -->
<testsuite hostname="MAVCHN0522057" failures="0" tests="1" name="reusable.Context" time="8.380" errors="0" timestamp="2023-01-04T11:22:33 IST" skipped="0">
  <testcase classname="reusable.Context" name="reusable" time="8.380"/>
  <system-out/>
</testsuite> <!-- reusable.Context -->
