<?xml version="1.0" encoding="UTF-8"?>
<!-- Generated by org.testng.reporters.JUnitReportReporter -->
<testsuite hostname="MAVCHN0522057" failures="0" tests="1" name="reusable.RadioCheck" time="11.691" errors="0" timestamp="2022-12-21T14:05:12 IST" skipped="0">
  <testcase classname="reusable.RadioCheck" name="reusable" time="11.691"/>
  <system-out/>
</testsuite> <!-- reusable.RadioCheck -->
