<?xml version="1.0" encoding="UTF-8"?>
<!-- Generated by org.testng.reporters.JUnitReportReporter -->
<testsuite hostname="MAVCHN0522057" failures="0" tests="1" name="reusable.BootstrapAlert" time="12.440" errors="0" timestamp="2022-12-26T11:42:13 IST" skipped="0">
  <testcase classname="reusable.BootstrapAlert" name="reusable" time="12.440"/>
  <system-out/>
</testsuite> <!-- reusable.BootstrapAlert -->
