<?xml version="1.0" encoding="UTF-8"?>
<!-- Generated by org.testng.reporters.JUnitReportReporter -->
<testsuite hostname="MAVCHN0522057" failures="0" tests="1" name="reusable.OpenBrowser" time="6.064" errors="0" timestamp="2022-12-14T20:14:02 IST" skipped="0">
  <testcase classname="reusable.OpenBrowser" name="openDifferentBrowsers" time="6.064"/>
  <system-out/>
</testsuite> <!-- reusable.OpenBrowser -->
