<?xml version="1.0" encoding="UTF-8"?>
<!-- Generated by org.testng.reporters.JUnitReportReporter -->
<testsuite hostname="MAVCHN0522057" failures="0" tests="1" name="reusable.Window" time="10.135" errors="0" timestamp="2023-01-04T11:19:08 IST" skipped="0">
  <testcase classname="reusable.Window" name="reusable" time="10.135"/>
  <system-out/>
</testsuite> <!-- reusable.Window -->
