<?xml version="1.0" encoding="UTF-8"?>
<!-- Generated by org.testng.reporters.JUnitReportReporter -->
<testsuite hostname="MAVCHN0522057" failures="0" tests="1" name="program.OpenBrowser" time="6.253" errors="0" timestamp="2022-12-15T14:29:39 IST" skipped="0">
  <testcase classname="program.OpenBrowser" name="open" time="6.253"/>
  <system-out/>
</testsuite> <!-- program.OpenBrowser -->
