<?xml version="1.0" encoding="UTF-8"?>
<!-- Generated by org.testng.reporters.JUnitReportReporter -->
<testsuite hostname="MAVCHN0522057" failures="0" tests="1" name="reusable.Alert" time="16.601" errors="0" timestamp="2022-12-21T11:12:39 IST" skipped="0">
  <testcase classname="reusable.Alert" name="reusable" time="16.601"/>
  <system-out/>
</testsuite> <!-- reusable.Alert -->
