<?xml version="1.0" encoding="UTF-8"?>
<!-- Generated by org.testng.reporters.JUnitReportReporter -->
<testsuite hostname="MAVCHN0522057" failures="0" tests="1" name="reusable.SelectCheck" time="8.215" errors="0" timestamp="2022-12-21T14:03:57 IST" skipped="0">
  <testcase classname="reusable.SelectCheck" name="reusable" time="8.215"/>
  <system-out/>
</testsuite> <!-- reusable.SelectCheck -->
