<?xml version="1.0" encoding="UTF-8"?>
<!-- Generated by org.testng.reporters.JUnitReportReporter -->
<testsuite hostname="MAVCHN0522057" failures="0" tests="1" name="program.InputField" time="5.266" errors="0" timestamp="2022-12-15T14:33:39 IST" skipped="0">
  <testcase classname="program.InputField" name="check" time="5.266"/>
  <system-out/>
</testsuite> <!-- program.InputField -->
