<?xml version="1.0" encoding="UTF-8"?>
<!-- Generated by org.testng.reporters.JUnitReportReporter -->
<testsuite hostname="MAVCHN0522057" failures="0" tests="1" name="reusable.DragDrop" time="7.056" errors="0" timestamp="2022-12-23T13:09:14 IST" skipped="0">
  <testcase classname="reusable.DragDrop" name="reusable" time="7.056"/>
  <system-out/>
</testsuite> <!-- reusable.DragDrop -->
